<?xml version="1.0" encoding="UTF-8"?>
<!-- Generated by org.testng.reporters.JUnitReportReporter -->
<testsuite hostname="AliMoti" name="example.DemoTest" tests="3" failures="0" timestamp="2 Mar 2019 07:18:44 GMT" time="0.047" errors="0">
  <testcase name="methodB" time="0.004" classname="example.DemoTest"/>
  <testcase name="methodC" time="0.003" classname="example.DemoTest"/>
  <testcase name="methodA" time="0.040" classname="example.DemoTest"/>
</testsuite> <!-- example.DemoTest -->
