<?xml version="1.0" encoding="UTF-8"?>
<!-- Generated by org.testng.reporters.JUnitReportReporter -->
<testsuite hostname="AliMoti" name="example.SeleniumTest" tests="1" failures="0" timestamp="2 Mar 2019 13:52:50 GMT" time="44.187" errors="0">
  <testcase name="seleniumTest" time="44.187" classname="example.SeleniumTest"/>
</testsuite> <!-- example.SeleniumTest -->
