<?xml version="1.0" encoding="UTF-8"?>
<!-- Generated by org.testng.reporters.JUnitReportReporter -->
<testsuite hostname="AliMoti" name="example.DemoTest2" tests="3" failures="0" timestamp="2 Mar 2019 07:18:44 GMT" time="0.011" errors="0">
  <testcase name="methodC2" time="0.004" classname="example.DemoTest2"/>
  <testcase name="methodA2" time="0.004" classname="example.DemoTest2"/>
  <testcase name="methodB2" time="0.003" classname="example.DemoTest2"/>
</testsuite> <!-- example.DemoTest2 -->
