<?xml version="1.0" encoding="UTF-8"?>
<!-- Generated by org.testng.reporters.JUnitReportReporter -->
<testsuite hostname="AliMoti" name="example.DemoTest" tests="1" failures="0" timestamp="2 Mar 2019 17:53:04 GMT" time="0.043" errors="0">
  <testcase name="methodA" time="0.043" classname="example.DemoTest"/>
</testsuite> <!-- example.DemoTest -->
