<?xml version="1.0" encoding="UTF-8"?>
<!-- Generated by org.testng.reporters.JUnitReportReporter -->
<testsuite hostname="AliMoti" name="example.DemoTest3" tests="3" failures="0" timestamp="2 Mar 2019 09:47:45 GMT" time="0.004" errors="0">
  <testcase name="methodC3" time="0.002" classname="example.DemoTest3"/>
  <testcase name="methodB3" time="0.001" classname="example.DemoTest3"/>
  <testcase name="methodA3" time="0.001" classname="example.DemoTest3"/>
</testsuite> <!-- example.DemoTest3 -->
