<?xml version="1.0" encoding="UTF-8"?>
<!-- Generated by org.testng.reporters.JUnitReportReporter -->
<testsuite hostname="AliMoti" name="example.DemoTest" tests="1" failures="0" timestamp="2 Mar 2019 13:59:10 GMT" time="0.027" errors="0">
  <testcase name="methodA" time="0.027" classname="example.DemoTest"/>
</testsuite> <!-- example.DemoTest -->
