<?xml version="1.0" encoding="UTF-8"?>
<!-- Generated by org.testng.reporters.JUnitReportReporter -->
<testsuite hostname="AliMoti" name="example.DemoTest2" tests="3" failures="0" timestamp="2 Mar 2019 09:47:45 GMT" time="0.003" errors="0">
  <testcase name="methodC2" time="0.002" classname="example.DemoTest2"/>
  <testcase name="methodB2" time="0.001" classname="example.DemoTest2"/>
  <testcase name="methodA2" time="0.000" classname="example.DemoTest2"/>
</testsuite> <!-- example.DemoTest2 -->
