<?xml version="1.0" encoding="UTF-8"?>
<!-- Generated by org.testng.reporters.JUnitReportReporter -->
<testsuite hostname="AliMoti" name="example.DemoTest" tests="3" failures="0" timestamp="2 Mar 2019 09:47:45 GMT" time="0.026" errors="0">
  <testcase name="methodA" time="0.025" classname="example.DemoTest"/>
  <testcase name="methodC" time="0.000" classname="example.DemoTest"/>
  <testcase name="methodB" time="0.001" classname="example.DemoTest"/>
</testsuite> <!-- example.DemoTest -->
