<?xml version="1.0" encoding="UTF-8"?>
<!-- Generated by org.testng.reporters.JUnitReportReporter -->
<testsuite hostname="AliMoti" name="example.SeleniumTest" tests="1" failures="0" timestamp="2 Mar 2019 13:59:10 GMT" time="75.031" errors="0">
  <testcase name="seleniumTest" time="75.031" classname="example.SeleniumTest"/>
</testsuite> <!-- example.SeleniumTest -->
